Using pre-set license
Built from '2020.3/staging' branch; Version is '2020.3.25f1 (9b9180224418) revision 10195328'; Using compiler version '192528614'; Build Type 'Release'
OS: 'Windows 10  (10.0.19043) 64bit Core' Language: 'en' Physical Memory: 15789 MB
BatchMode: 1, IsHumanControllingUs: 0, StartBugReporterOnCrash: 0, Is64bit: 1, IsPro: 0

COMMAND LINE ARGUMENTS:
C:\Program Files\Unity\Hub\Editor\2020.3.25f1\Editor\Unity.exe
-adb2
-batchMode
-noUpm
-name
AssetImportWorker0
-projectPath
C:/Users/alber/Documents/DIG 3480/platform and other stuff/platformer
-logFile
Logs/AssetImportWorker0.log
-srvPort
65086
Successfully changed project path to: C:/Users/alber/Documents/DIG 3480/platform and other stuff/platformer
C:/Users/alber/Documents/DIG 3480/platform and other stuff/platformer
Using Asset Import Pipeline V2.
Refreshing native plugins compatible for Editor in 61.98 ms, found 3 plugins.
Preloading 0 native plugins for Editor in 0.00 ms.
Initialize engine version: 2020.3.25f1 (9b9180224418)
[Subsystems] Discovering subsystems at path C:/Program Files/Unity/Hub/Editor/2020.3.25f1/Editor/Data/Resources/UnitySubsystems
[Subsystems] Discovering subsystems at path C:/Users/alber/Documents/DIG 3480/platform and other stuff/platformer/Assets
GfxDevice: creating device client; threaded=0
Direct3D:
    Version:  Direct3D 11.0 [level 11.1]
    Renderer: NVIDIA GeForce RTX 2060 with Max-Q Design (ID=0x1f12)
    Vendor:   
    VRAM:     5980 MB
    Driver:   30.0.15.1179
Initialize mono
Mono path[0] = 'C:/Program Files/Unity/Hub/Editor/2020.3.25f1/Editor/Data/Managed'
Mono path[1] = 'C:/Program Files/Unity/Hub/Editor/2020.3.25f1/Editor/Data/MonoBleedingEdge/lib/mono/unityjit'
Mono config path = 'C:/Program Files/Unity/Hub/Editor/2020.3.25f1/Editor/Data/MonoBleedingEdge/etc'
Using monoOptions --debugger-agent=transport=dt_socket,embedding=1,server=y,suspend=n,address=127.0.0.1:56500
Begin MonoManager ReloadAssembly
Registering precompiled unity dll's ...
Register platform support module: C:/Program Files/Unity/Hub/Editor/2020.3.25f1/Editor/Data/PlaybackEngines/WebGLSupport/UnityEditor.WebGL.Extensions.dll
Register platform support module: C:/Program Files/Unity/Hub/Editor/2020.3.25f1/Editor/Data/PlaybackEngines/WindowsStandaloneSupport/UnityEditor.WindowsStandalone.Extensions.dll
Registered in 0.003076 seconds.
Native extension for WindowsStandalone target not found
Native extension for WebGL target not found
Refreshing native plugins compatible for Editor in 63.25 ms, found 3 plugins.
Preloading 0 native plugins for Editor in 0.00 ms.
Mono: successfully reloaded assembly
- Completed reload, in  0.764 seconds
Domain Reload Profiling:
	ReloadAssembly (764ms)
		BeginReloadAssembly (68ms)
			ExecutionOrderSort (0ms)
			DisableScriptedObjects (0ms)
			BackupInstance (0ms)
			ReleaseScriptingObjects (0ms)
			CreateAndSetChildDomain (1ms)
		EndReloadAssembly (597ms)
			LoadAssemblies (66ms)
			RebuildTransferFunctionScriptingTraits (0ms)
			SetupTypeCache (195ms)
			ReleaseScriptCaches (0ms)
			RebuildScriptCaches (41ms)
			SetupLoadedEditorAssemblies (236ms)
				LogAssemblyErrors (0ms)
				InitializePlatformSupportModulesInManaged (8ms)
				SetLoadedEditorAssemblies (0ms)
				RefreshPlugins (63ms)
				BeforeProcessingInitializeOnLoad (18ms)
				ProcessInitializeOnLoadAttributes (110ms)
				ProcessInitializeOnLoadMethodAttributes (36ms)
				AfterProcessingInitializeOnLoad (0ms)
				EditorAssembliesLoaded (0ms)
			ExecutionOrderSort2 (0ms)
			AwakeInstancesAfterBackupRestoration (0ms)
Platform modules already initialized, skipping
Registering precompiled user dll's ...
Registered in 0.006248 seconds.
Begin MonoManager ReloadAssembly
Native extension for WindowsStandalone target not found
Native extension for WebGL target not found
Refreshing native plugins compatible for Editor in 62.86 ms, found 3 plugins.
Preloading 0 native plugins for Editor in 0.00 ms.
Mono: successfully reloaded assembly
- Completed reload, in  1.470 seconds
Domain Reload Profiling:
	ReloadAssembly (1471ms)
		BeginReloadAssembly (187ms)
			ExecutionOrderSort (0ms)
			DisableScriptedObjects (6ms)
			BackupInstance (0ms)
			ReleaseScriptingObjects (0ms)
			CreateAndSetChildDomain (23ms)
		EndReloadAssembly (1197ms)
			LoadAssemblies (118ms)
			RebuildTransferFunctionScriptingTraits (0ms)
			SetupTypeCache (395ms)
			ReleaseScriptCaches (1ms)
			RebuildScriptCaches (64ms)
			SetupLoadedEditorAssemblies (460ms)
				LogAssemblyErrors (0ms)
				InitializePlatformSupportModulesInManaged (6ms)
				SetLoadedEditorAssemblies (0ms)
				RefreshPlugins (63ms)
				BeforeProcessingInitializeOnLoad (107ms)
				ProcessInitializeOnLoadAttributes (254ms)
				ProcessInitializeOnLoadMethodAttributes (21ms)
				AfterProcessingInitializeOnLoad (9ms)
				EditorAssembliesLoaded (0ms)
			ExecutionOrderSort2 (0ms)
			AwakeInstancesAfterBackupRestoration (8ms)
Platform modules already initialized, skipping
========================================================================
Worker process is ready to serve import requests
Launched and connected shader compiler UnityShaderCompiler.exe after 0.07 seconds
Refreshing native plugins compatible for Editor in 0.60 ms, found 3 plugins.
Preloading 0 native plugins for Editor in 0.00 ms.
Unloading 2195 Unused Serialized files (Serialized files now loaded: 0)
System memory in use before: 95.8 MB.
System memory in use after: 96.0 MB.

Unloading 27 unused Assets to reduce memory usage. Loaded Objects now: 2629.
Total: 5.269500 ms (FindLiveObjects: 0.280300 ms CreateObjectMapping: 0.139200 ms MarkObjects: 4.811200 ms  DeleteObjects: 0.036700 ms)

AssetImportParameters requested are different than current active one (requested -> active):
  custom:framework-win-MediaFoundation: 216162199b28c13a410421893ffa2e32 -> 
  custom:video-decoder-ogg-theora: a1e56fd34408186e4bbccfd4996cb3dc -> 
  custom:container-muxer-webm: aa71ff27fc2769a1b78a27578f13a17b -> 
  custom:container-demuxer-webm: 4f35f7cbe854078d1ac9338744f61a02 -> 
  custom:container-demuxer-ogg: 62fdf1f143b41e24485cea50d1cbac27 -> 
  custom:video-encoder-webm-vp8: eb34c28f22e8b96e1ab97ce403110664 -> 
  custom:video-codec-MediaFoundation-h265: 746d11721c4dcdbdad8f713fa42b33f4 -> 
  custom:video-decoder-webm-vp8: 9c59270c3fd7afecdb556c50c9e8de78 -> 
  custom:audio-decoder-ogg-vorbis: bf7c407c2cedff20999df2af8eb42d56 -> 
  custom:audio-encoder-webm-vorbis: bf7c407c2cedff20999df2af8eb42d56 -> 
========================================================================
Received Import Request.
  path: Assets/materials/New Physics Material 2D.physicsMaterial2D
  artifactKey: Guid(b90df5334ab1dc043a0a32ce01344871) Importer(815301076,1909f56bfc062723c751e8b465ee728b)
Start importing Assets/materials/New Physics Material 2D.physicsMaterial2D using Guid(b90df5334ab1dc043a0a32ce01344871) Importer(815301076,1909f56bfc062723c751e8b465ee728b)  -> (artifact id: '089725e2293a0a9825bcfb815a6e83c6') in 0.049222 seconds 
  Import took 0.053740 seconds .

========================================================================
Received Import Request.
  Time since last request: 0.746070 seconds.
  path: Assets/platform
  artifactKey: Guid(fd05361a36c1edd419c35a5befd360d2) Importer(815301076,1909f56bfc062723c751e8b465ee728b)
Start importing Assets/platform using Guid(fd05361a36c1edd419c35a5befd360d2) Importer(815301076,1909f56bfc062723c751e8b465ee728b)  -> (artifact id: 'f6b21ab7f3cd2a84302b7c41128d753d') in 0.010223 seconds 
  Import took 0.016493 seconds .

========================================================================
Received Import Request.
  Time since last request: 66.674870 seconds.
  path: Assets/Player.png
  artifactKey: Guid(421cb1366eb2bb9439eaf9f3ce674ceb) Importer(815301076,1909f56bfc062723c751e8b465ee728b)
Start importing Assets/Player.png using Guid(421cb1366eb2bb9439eaf9f3ce674ceb) Importer(815301076,1909f56bfc062723c751e8b465ee728b)  -> (artifact id: 'fd693bce355e460dc4af0889c4f105c3') in 0.126579 seconds 
  Import took 0.134160 seconds .

========================================================================
Received Import Request.
  Time since last request: 0.000519 seconds.
  path: Assets/Tiles.png
  artifactKey: Guid(12eb94dac6dc2694ab33ab957e5f0d86) Importer(815301076,1909f56bfc062723c751e8b465ee728b)
Start importing Assets/Tiles.png using Guid(12eb94dac6dc2694ab33ab957e5f0d86) Importer(815301076,1909f56bfc062723c751e8b465ee728b)  -> (artifact id: 'a79f7d6dd28d3c46075ef4bf8d4dc212') in 0.024445 seconds 
  Import took 0.030825 seconds .

========================================================================
Received Import Request.
  Time since last request: 304.320019 seconds.
  path: Assets/Scenes
  artifactKey: Guid(cf261210347640249a9335adeaf9b034) Importer(815301076,1909f56bfc062723c751e8b465ee728b)
Start importing Assets/Scenes using Guid(cf261210347640249a9335adeaf9b034) Importer(815301076,1909f56bfc062723c751e8b465ee728b)  -> (artifact id: 'fee5b0e4a2277ff8d3f2771ab88d7d03') in 0.013150 seconds 
  Import took 0.019222 seconds .

========================================================================
Received Import Request.
  Time since last request: 153.303813 seconds.
  path: Assets/Player.png
  artifactKey: Guid(522b50f77a5a9aa45bb223e261cc508a) Importer(815301076,1909f56bfc062723c751e8b465ee728b)
Start importing Assets/Player.png using Guid(522b50f77a5a9aa45bb223e261cc508a) Importer(815301076,1909f56bfc062723c751e8b465ee728b)  -> (artifact id: '523986631930a980c5fafffa9a678a1e') in 0.018529 seconds 
  Import took 0.022906 seconds .

========================================================================
Received Import Request.
  Time since last request: 0.000299 seconds.
  path: Assets/Tiles.png
  artifactKey: Guid(591069dfb771bed4c9199a57fa2f3584) Importer(815301076,1909f56bfc062723c751e8b465ee728b)
Start importing Assets/Tiles.png using Guid(591069dfb771bed4c9199a57fa2f3584) Importer(815301076,1909f56bfc062723c751e8b465ee728b)  -> (artifact id: '59e514431bc3fa25f042bcc8b7503d40') in 0.020260 seconds 
  Import took 0.024828 seconds .

========================================================================
Received Prepare
Registering precompiled user dll's ...
Registered in 0.258383 seconds.
Begin MonoManager ReloadAssembly
Native extension for WindowsStandalone target not found
Native extension for WebGL target not found
Refreshing native plugins compatible for Editor in 0.48 ms, found 3 plugins.
Preloading 0 native plugins for Editor in 0.00 ms.
Mono: successfully reloaded assembly
- Completed reload, in  0.915 seconds
Domain Reload Profiling:
	ReloadAssembly (916ms)
		BeginReloadAssembly (107ms)
			ExecutionOrderSort (0ms)
			DisableScriptedObjects (7ms)
			BackupInstance (0ms)
			ReleaseScriptingObjects (0ms)
			CreateAndSetChildDomain (32ms)
		EndReloadAssembly (752ms)
			LoadAssemblies (83ms)
			RebuildTransferFunctionScriptingTraits (0ms)
			SetupTypeCache (274ms)
			ReleaseScriptCaches (1ms)
			RebuildScriptCaches (38ms)
			SetupLoadedEditorAssemblies (274ms)
				LogAssemblyErrors (0ms)
				InitializePlatformSupportModulesInManaged (5ms)
				SetLoadedEditorAssemblies (0ms)
				RefreshPlugins (1ms)
				BeforeProcessingInitializeOnLoad (82ms)
				ProcessInitializeOnLoadAttributes (171ms)
				ProcessInitializeOnLoadMethodAttributes (10ms)
				AfterProcessingInitializeOnLoad (5ms)
				EditorAssembliesLoaded (0ms)
			ExecutionOrderSort2 (0ms)
			AwakeInstancesAfterBackupRestoration (7ms)
Platform modules already initialized, skipping
Refreshing native plugins compatible for Editor in 0.56 ms, found 3 plugins.
Preloading 0 native plugins for Editor in 0.00 ms.
Unloading 2184 Unused Serialized files (Serialized files now loaded: 0)
System memory in use before: 98.2 MB.
System memory in use after: 98.3 MB.

Unloading 17 unused Assets to reduce memory usage. Loaded Objects now: 2639.
Total: 3.480100 ms (FindLiveObjects: 0.230200 ms CreateObjectMapping: 0.091200 ms MarkObjects: 3.138400 ms  DeleteObjects: 0.018600 ms)

AssetImportParameters requested are different than current active one (requested -> active):
  custom:framework-win-MediaFoundation: 216162199b28c13a410421893ffa2e32 -> 
  custom:video-decoder-ogg-theora: a1e56fd34408186e4bbccfd4996cb3dc -> 
  custom:container-muxer-webm: aa71ff27fc2769a1b78a27578f13a17b -> 
  custom:container-demuxer-webm: 4f35f7cbe854078d1ac9338744f61a02 -> 
  custom:container-demuxer-ogg: 62fdf1f143b41e24485cea50d1cbac27 -> 
  custom:video-encoder-webm-vp8: eb34c28f22e8b96e1ab97ce403110664 -> 
  custom:video-codec-MediaFoundation-h265: 746d11721c4dcdbdad8f713fa42b33f4 -> 
  custom:video-decoder-webm-vp8: 9c59270c3fd7afecdb556c50c9e8de78 -> 
  custom:audio-decoder-ogg-vorbis: bf7c407c2cedff20999df2af8eb42d56 -> 
  custom:audio-encoder-webm-vorbis: bf7c407c2cedff20999df2af8eb42d56 -> 
========================================================================
Received Import Request.
  Time since last request: 1420.347775 seconds.
  path: Assets/Player.png
  artifactKey: Guid(1863be8e6e7c9e74a97c8406f3e692ad) Importer(815301076,1909f56bfc062723c751e8b465ee728b)
Start importing Assets/Player.png using Guid(1863be8e6e7c9e74a97c8406f3e692ad) Importer(815301076,1909f56bfc062723c751e8b465ee728b)  -> (artifact id: 'f67b794ca2dfe23ee440bbec3f6ddbef') in 0.107981 seconds 
  Import took 0.114822 seconds .

========================================================================
Received Import Request.
  Time since last request: 0.000386 seconds.
  path: Assets/Tiles.png
  artifactKey: Guid(429499920482b95458da7faaf0c4a6ee) Importer(815301076,1909f56bfc062723c751e8b465ee728b)
Start importing Assets/Tiles.png using Guid(429499920482b95458da7faaf0c4a6ee) Importer(815301076,1909f56bfc062723c751e8b465ee728b)  -> (artifact id: 'd60722b2cae26545c6511bfb5da8f82a') in 0.026781 seconds 
  Import took 0.033031 seconds .

AssetImportWorkerClient::OnTransportError - code=2 error=End of file
